[debug] > Exec(early(addDefaultCommands), None, None)
[debug] > Exec(addDefaultCommands, None, None)
[debug] > Exec(early(initialize), None, None)
[debug] > Exec(initialize, None, None)
[debug] > Exec(early(addPluginSbtFile="""C:\Users\zmoha\AppData\Local\Temp\idea.sbt"""), None, None)
[debug] > Exec(addPluginSbtFile="""C:\Users\zmoha\AppData\Local\Temp\idea.sbt""", None, None)
[debug] > Exec(boot, None, None)
[debug] > Exec(writeSbtVersion, None, None)
[debug] > Exec(reload, None, None)
[debug] > Exec(sbtStashOnFailure, None, None)
[debug] > Exec(onFailure loadFailed, None, None)
[debug] > Exec(loadp, None, None)
[info] welcome to sbt 1.5.8 (Oracle Corporation Java 11.0.12)
[debug]       Load.loadUnit: plugins took 166.8791ms
[debug]       Load.loadUnit: defsScala took 0.4236ms
[debug] [Loading] Scanning directory C:\Users\zmoha\.sbt\1.0\plugins
[debug] [Loading] Found non-root projects 
[debug] [Loading] Done in C:\Users\zmoha\.sbt\1.0\plugins, returning: ()
[debug] deducing auto plugins based on known facts Set(Atom(sbt.plugins.CorePlugin)) and clauses Clauses(Clause(Atom(sbt.plugins.JvmPlugin),Set(Atom(sbt.plugins.IvyPlugin)))
[debug] Clause(Atom(sbt.ScriptedPlugin),Set(Atom(sbt.plugins.JvmPlugin)))
[debug] Clause(Atom(sbt.plugins.SbtPlugin),Set(Atom(sbt.ScriptedPlugin)))
[debug] Clause(Atom(sbt.plugins.SemanticdbPlugin),Set(Atom(sbt.plugins.JvmPlugin)))
[debug] Clause(Atom(sbt.plugins.JUnitXmlReportPlugin),Set(Atom(sbt.plugins.JvmPlugin)))
[debug] Clause(Atom(sbt.plugins.MiniDependencyTreePlugin),Set(Atom(sbt.plugins.JvmPlugin)))
[debug] Clause(Atom(sbt.plugins.CorePlugin),Set(Atom(sbt.plugins.IvyPlugin)))
[debug] Clause(Atom(sbt.plugins.IvyPlugin),Set(Atom(sbt.plugins.JvmPlugin)))
[debug] Clause(Atom(sbt.plugins.JvmPlugin),Set(Atom(sbt.plugins.SemanticdbPlugin)))
[debug] Clause(Atom(sbt.plugins.JvmPlugin),Set(Atom(sbt.plugins.JUnitXmlReportPlugin)))
[debug] Clause(Atom(sbt.plugins.CorePlugin),Set(Atom(sbt.plugins.Giter8TemplatePlugin)))
[debug] Clause(Atom(sbt.plugins.JvmPlugin),Set(Atom(sbt.plugins.MiniDependencyTreePlugin))))
[debug]   :: deduced result: Matched(sbt.plugins.CorePlugin,sbt.plugins.Giter8TemplatePlugin,sbt.plugins.IvyPlugin,sbt.plugins.JvmPlugin,sbt.plugins.MiniDependencyTreePlugin,sbt.plugins.JUnitXmlReportPlugin,sbt.plugins.SemanticdbPlugin)
[debug] Plugins.deducer#function took 28.7099 ms
[debug]           Load.resolveProject(global-plugins) took 86.5243ms
[debug]         Load.loadTransitive: finalizeProject(Project(id global-plugins, base: C:\Users\zmoha\.sbt\1.0\plugins, plugins: List(<none>))) took 158.3683ms
[debug] [Loading] Done in C:\Users\zmoha\.sbt\1.0\plugins, returning: (global-plugins)
[debug]       Load.loadUnit: loadedProjectsRaw took 197.2478ms
[debug]       Load.loadUnit: cleanEvalClasses took 0.386ms
[debug]     Load.loadUnit(file:/C:/Users/zmoha/.sbt/1.0/plugins/, ...) took 383.0298ms
[debug]   Load.apply: load took 885.4183ms
[debug]   Load.apply: resolveProjects took 9.8928ms
[debug]   Load.apply: finalTransforms took 181.9647ms
[debug]   Load.apply: config.delegates took 66.1293ms
[debug]   Load.apply: Def.make(settings)... took 1583.9404ms
[debug]   Load.apply: structureIndex took 319.1805ms
[debug]   Load.apply: mkStreams took 2.313ms
[info] loading global plugins from C:\Users\zmoha\.sbt\1.0\plugins
[debug] Running task... Cancel: Signal, check cycles: false, forcegc: true
[debug] Load.defaultLoad until apply took 21986.219ms
[debug]           Load.loadUnit: plugins took 53.7537ms
[debug]           Load.loadUnit: defsScala took 0.0045ms
[debug] [Loading] Scanning directory C:\Users\zmoha\OneDrive\Documents\spark-df\project
[debug]             Load.loadUnit: mkEval took 29.3847ms
[debug] [Loading] Found non-root projects 
[debug] [Loading] Done in C:\Users\zmoha\OneDrive\Documents\spark-df\project, returning: ()
[debug] deducing auto plugins based on known facts Set(Atom(sbt.plugins.CorePlugin)) and clauses Clauses(Clause(Atom(sbt.plugins.JvmPlugin),Set(Atom(sbt.plugins.IvyPlugin)))
[debug] Clause(Atom(sbt.ScriptedPlugin),Set(Atom(sbt.plugins.JvmPlugin)))
[debug] Clause(Atom(sbt.plugins.SbtPlugin),Set(Atom(sbt.ScriptedPlugin)))
[debug] Clause(Atom(sbt.plugins.SemanticdbPlugin),Set(Atom(sbt.plugins.JvmPlugin)))
[debug] Clause(Atom(sbt.plugins.JUnitXmlReportPlugin),Set(Atom(sbt.plugins.JvmPlugin)))
[debug] Clause(Atom(sbt.plugins.MiniDependencyTreePlugin),Set(Atom(sbt.plugins.JvmPlugin)))
[debug] Clause(Atom(sbt.plugins.CorePlugin),Set(Atom(sbt.plugins.IvyPlugin)))
[debug] Clause(Atom(sbt.plugins.IvyPlugin),Set(Atom(sbt.plugins.JvmPlugin)))
[debug] Clause(Atom(sbt.plugins.JvmPlugin),Set(Atom(sbt.plugins.SemanticdbPlugin)))
[debug] Clause(Atom(sbt.plugins.JvmPlugin),Set(Atom(sbt.plugins.JUnitXmlReportPlugin)))
[debug] Clause(Atom(sbt.plugins.CorePlugin),Set(Atom(sbt.plugins.Giter8TemplatePlugin)))
[debug] Clause(Atom(sbt.plugins.JvmPlugin),Set(Atom(sbt.plugins.MiniDependencyTreePlugin))))
[debug]   :: deduced result: Matched(sbt.plugins.CorePlugin,sbt.plugins.Giter8TemplatePlugin,sbt.plugins.IvyPlugin,sbt.plugins.JvmPlugin,sbt.plugins.MiniDependencyTreePlugin,sbt.plugins.JUnitXmlReportPlugin,sbt.plugins.SemanticdbPlugin)
[debug] Plugins.deducer#function took 2.0803 ms
[info] loading settings for project spark-df-build from idea.sbt ...
[debug]               Load.resolveProject(spark-df-build) took 13.9606ms
[debug]             Load.loadTransitive: finalizeProject(Project(id spark-df-build, base: C:\Users\zmoha\OneDrive\Documents\spark-df\project, plugins: List(<none>))) took 16.9136ms
[debug] [Loading] Done in C:\Users\zmoha\OneDrive\Documents\spark-df\project, returning: (spark-df-build)
[debug]           Load.loadUnit: loadedProjectsRaw took 6639.0967ms
[debug]           Load.loadUnit: cleanEvalClasses took 14.7361ms
[debug]         Load.loadUnit(file:/C:/Users/zmoha/OneDrive/Documents/spark-df/project/, ...) took 6710.162ms
[debug]       Load.apply: load took 6712.2979ms
[debug]       Load.apply: resolveProjects took 0.1668ms
[debug]       Load.apply: finalTransforms took 12.4542ms
[debug]       Load.apply: config.delegates took 0.4708ms
[debug]       Load.apply: Def.make(settings)... took 256.8134ms
[debug]       Load.apply: structureIndex took 57.5524ms
[debug]       Load.apply: mkStreams took 0.0073ms
[info] loading project definition from C:\Users\zmoha\OneDrive\Documents\spark-df\project
[debug] Running task... Cancel: Signal, check cycles: false, forcegc: true
[warn] Unrecognized repository Scala Plugin Bundled Repository, ignoring it
[debug]     Load.loadUnit: plugins took 8985.525ms
[debug]     Load.loadUnit: defsScala took 0.0049ms
[debug] [Loading] Scanning directory C:\Users\zmoha\OneDrive\Documents\spark-df
[debug]       Load.loadUnit: mkEval took 0.5834ms
[debug] [Loading] Found non-root projects 
[debug] [Loading] Done in C:\Users\zmoha\OneDrive\Documents\spark-df, returning: ()
[debug] deducing auto plugins based on known facts Set(Atom(sbt.plugins.CorePlugin)) and clauses Clauses(Clause(Atom(sbt.plugins.JvmPlugin),Set(Atom(sbt.plugins.IvyPlugin)))
[debug] Clause(Atom(sbt.ScriptedPlugin),Set(Atom(sbt.plugins.JvmPlugin)))
[debug] Clause(Atom(sbt.plugins.SbtPlugin),Set(Atom(sbt.ScriptedPlugin)))
[debug] Clause(Atom(sbt.plugins.SemanticdbPlugin),Set(Atom(sbt.plugins.JvmPlugin)))
[debug] Clause(Atom(sbt.plugins.JUnitXmlReportPlugin),Set(Atom(sbt.plugins.JvmPlugin)))
[debug] Clause(Atom(sbt.plugins.MiniDependencyTreePlugin),Set(Atom(sbt.plugins.JvmPlugin)))
[debug] Clause(Atom(org.jetbrains.sbt.StructurePlugin),Set(Atom(sbt.plugins.JvmPlugin)))
[debug] Clause(Atom(org.jetbrains.sbt.IdeaShellPlugin),Set(Atom(sbt.plugins.JvmPlugin)))
[debug] Clause(Atom(org.jetbrains.sbt.indices.SbtIntellijIndicesPlugin),Set(Atom(sbt.plugins.JvmPlugin)))
[debug] Clause(Atom(sbt.plugins.CorePlugin),Set(Atom(sbt.plugins.IvyPlugin)))
[debug] Clause(Atom(sbt.plugins.IvyPlugin),Set(Atom(sbt.plugins.JvmPlugin)))
[debug] Clause(Atom(sbt.plugins.JvmPlugin),Set(Atom(sbt.plugins.SemanticdbPlugin)))
[debug] Clause(Atom(sbt.plugins.JvmPlugin),Set(Atom(sbt.plugins.JUnitXmlReportPlugin)))
[debug] Clause(Atom(sbt.plugins.CorePlugin),Set(Atom(sbt.plugins.Giter8TemplatePlugin)))
[debug] Clause(Atom(sbt.plugins.JvmPlugin),Set(Atom(sbt.plugins.MiniDependencyTreePlugin)))
[debug] Clause(Atom(sbt.plugins.JvmPlugin),Set(Atom(org.jetbrains.sbt.StructurePlugin)))
[debug] Clause(Atom(sbt.plugins.JvmPlugin),Set(Atom(org.jetbrains.sbt.IdeaShellPlugin)))
[debug] Clause(And(Set(Atom(sbt.plugins.CorePlugin), Atom(sbt.plugins.JvmPlugin))),Set(Atom(org.jetbrains.sbt.indices.SbtIntellijIndicesPlugin))))
[debug]   :: deduced result: Matched(sbt.plugins.CorePlugin,sbt.plugins.Giter8TemplatePlugin,sbt.plugins.IvyPlugin,sbt.plugins.JvmPlugin,sbt.plugins.SemanticdbPlugin,org.jetbrains.sbt.indices.SbtIntellijIndicesPlugin,sbt.plugins.JUnitXmlReportPlugin,org.jetbrains.sbt.IdeaShellPlugin,org.jetbrains.sbt.StructurePlugin,sbt.plugins.MiniDependencyTreePlugin)
[debug] Plugins.deducer#function took 18.2694 ms
[info] loading settings for project spark-df from build.sbt ...
[debug]         Load.resolveProject(spark-df) took 144.49ms
[debug]       Load.loadTransitive: finalizeProject(Project(id spark-df, base: C:\Users\zmoha\OneDrive\Documents\spark-df, plugins: List(<none>))) took 178.6523ms
[debug] [Loading] Done in C:\Users\zmoha\OneDrive\Documents\spark-df, returning: (spark-df)
[debug]     Load.loadUnit: loadedProjectsRaw took 4663.7077ms
[debug]     Load.loadUnit: cleanEvalClasses took 70.3641ms
[debug]   Load.loadUnit(file:/C:/Users/zmoha/OneDrive/Documents/spark-df/, ...) took 13720.9874ms
[debug] Load.apply: load took 13723.4649ms
[debug] Load.apply: resolveProjects took 0.181ms
[debug] Load.apply: finalTransforms took 41.5749ms
[debug] Load.apply: config.delegates took 0.3394ms
[debug] Load.apply: Def.make(settings)... took 174.3984ms
[debug] Load.apply: structureIndex took 67.2733ms
[debug] Load.apply: mkStreams took 0.0032ms
[info] set current project to Spark Dataframe 1 (in build file:/C:/Users/zmoha/OneDrive/Documents/spark-df/)
[debug] > Exec(sbtPopOnFailure, None, None)
[debug] > Exec(resumeFromFailure, None, None)
[debug] > Exec(notifyUsersAboutShell, None, None)
[debug] > Exec(iflast shell, None, None)
[debug] > Exec(; set ideaPort in Global := 55375 ; idea-shell, None, None)
[debug] > Exec(set ideaPort in Global := 55375, None, None)
[info] Defining Global / ideaPort
[info] The new value will be used by Compile / compile, Test / compile
[debug] Defining 
[debug] 	Global / ideaPort
[debug] 
[debug] The new value will be used by 
[debug] 	Compile / compile
[debug] 	Test / compile
[info] Reapplying settings...
[info] set current project to Spark Dataframe 1 (in build file:/C:/Users/zmoha/OneDrive/Documents/spark-df/)
[debug] > Exec(idea-shell, None, None)
