[debug] > Exec(early(addDefaultCommands), None, None)
[debug] > Exec(addDefaultCommands, None, None)
[debug] > Exec(early(initialize), None, None)
[debug] > Exec(initialize, None, None)
[debug] > Exec(early(addPluginSbtFile="""C:\Users\zmoha\AppData\Local\Temp\idea5.sbt"""), None, None)
[debug] > Exec(addPluginSbtFile="""C:\Users\zmoha\AppData\Local\Temp\idea5.sbt""", None, None)
[debug] > Exec(boot, None, None)
[debug] > Exec(writeSbtVersion, None, None)
[debug] > Exec(reload, None, None)
[debug] > Exec(sbtStashOnFailure, None, None)
[debug] > Exec(onFailure loadFailed, None, None)
[debug] > Exec(loadp, None, None)
[info] welcome to sbt 1.5.8 (Oracle Corporation Java 11.0.12)
[debug]       Load.loadUnit: plugins took 121.6854ms
[debug]       Load.loadUnit: defsScala took 0.3529ms
[debug] [Loading] Scanning directory C:\Users\zmoha\.sbt\1.0\plugins
[debug] [Loading] Found non-root projects 
[debug] [Loading] Done in C:\Users\zmoha\.sbt\1.0\plugins, returning: ()
[debug] deducing auto plugins based on known facts Set(Atom(sbt.plugins.CorePlugin)) and clauses Clauses(Clause(Atom(sbt.plugins.JvmPlugin),Set(Atom(sbt.plugins.IvyPlugin)))
[debug] Clause(Atom(sbt.ScriptedPlugin),Set(Atom(sbt.plugins.JvmPlugin)))
[debug] Clause(Atom(sbt.plugins.SbtPlugin),Set(Atom(sbt.ScriptedPlugin)))
[debug] Clause(Atom(sbt.plugins.SemanticdbPlugin),Set(Atom(sbt.plugins.JvmPlugin)))
[debug] Clause(Atom(sbt.plugins.JUnitXmlReportPlugin),Set(Atom(sbt.plugins.JvmPlugin)))
[debug] Clause(Atom(sbt.plugins.MiniDependencyTreePlugin),Set(Atom(sbt.plugins.JvmPlugin)))
[debug] Clause(Atom(sbt.plugins.CorePlugin),Set(Atom(sbt.plugins.IvyPlugin)))
[debug] Clause(Atom(sbt.plugins.IvyPlugin),Set(Atom(sbt.plugins.JvmPlugin)))
[debug] Clause(Atom(sbt.plugins.JvmPlugin),Set(Atom(sbt.plugins.SemanticdbPlugin)))
[debug] Clause(Atom(sbt.plugins.JvmPlugin),Set(Atom(sbt.plugins.JUnitXmlReportPlugin)))
[debug] Clause(Atom(sbt.plugins.CorePlugin),Set(Atom(sbt.plugins.Giter8TemplatePlugin)))
[debug] Clause(Atom(sbt.plugins.JvmPlugin),Set(Atom(sbt.plugins.MiniDependencyTreePlugin))))
[debug]   :: deduced result: Matched(sbt.plugins.CorePlugin,sbt.plugins.Giter8TemplatePlugin,sbt.plugins.IvyPlugin,sbt.plugins.JvmPlugin,sbt.plugins.MiniDependencyTreePlugin,sbt.plugins.JUnitXmlReportPlugin,sbt.plugins.SemanticdbPlugin)
[debug] Plugins.deducer#function took 23.4988 ms
[debug]           Load.resolveProject(global-plugins) took 63.1551ms
[debug]         Load.loadTransitive: finalizeProject(Project(id global-plugins, base: C:\Users\zmoha\.sbt\1.0\plugins, plugins: List(<none>))) took 125.7126ms
[debug] [Loading] Done in C:\Users\zmoha\.sbt\1.0\plugins, returning: (global-plugins)
[debug]       Load.loadUnit: loadedProjectsRaw took 155.3162ms
[debug]       Load.loadUnit: cleanEvalClasses took 0.3021ms
[debug]     Load.loadUnit(file:/C:/Users/zmoha/.sbt/1.0/plugins/, ...) took 289.9422ms
[debug]   Load.apply: load took 516.6814ms
[debug]   Load.apply: resolveProjects took 9.8064ms
[debug]   Load.apply: finalTransforms took 80.8733ms
[debug]   Load.apply: config.delegates took 9.3647ms
[debug]   Load.apply: Def.make(settings)... took 498.8986ms
[debug]   Load.apply: structureIndex took 119.7604ms
[debug]   Load.apply: mkStreams took 2.5057ms
[info] loading global plugins from C:\Users\zmoha\.sbt\1.0\plugins
[debug] Running task... Cancel: Signal, check cycles: false, forcegc: true
[debug] Load.defaultLoad until apply took 3601.9227ms
[debug]           Load.loadUnit: plugins took 36.1495ms
[debug]           Load.loadUnit: defsScala took 0.0049ms
[debug] [Loading] Scanning directory C:\Users\zmoha\OneDrive\Documents\spark-df\project
[debug]             Load.loadUnit: mkEval took 9.6043ms
[debug] [Loading] Found non-root projects 
[debug] [Loading] Done in C:\Users\zmoha\OneDrive\Documents\spark-df\project, returning: ()
[debug] deducing auto plugins based on known facts Set(Atom(sbt.plugins.CorePlugin)) and clauses Clauses(Clause(Atom(sbt.plugins.JvmPlugin),Set(Atom(sbt.plugins.IvyPlugin)))
[debug] Clause(Atom(sbt.ScriptedPlugin),Set(Atom(sbt.plugins.JvmPlugin)))
[debug] Clause(Atom(sbt.plugins.SbtPlugin),Set(Atom(sbt.ScriptedPlugin)))
[debug] Clause(Atom(sbt.plugins.SemanticdbPlugin),Set(Atom(sbt.plugins.JvmPlugin)))
[debug] Clause(Atom(sbt.plugins.JUnitXmlReportPlugin),Set(Atom(sbt.plugins.JvmPlugin)))
[debug] Clause(Atom(sbt.plugins.MiniDependencyTreePlugin),Set(Atom(sbt.plugins.JvmPlugin)))
[debug] Clause(Atom(sbt.plugins.CorePlugin),Set(Atom(sbt.plugins.IvyPlugin)))
[debug] Clause(Atom(sbt.plugins.IvyPlugin),Set(Atom(sbt.plugins.JvmPlugin)))
[debug] Clause(Atom(sbt.plugins.JvmPlugin),Set(Atom(sbt.plugins.SemanticdbPlugin)))
[debug] Clause(Atom(sbt.plugins.JvmPlugin),Set(Atom(sbt.plugins.JUnitXmlReportPlugin)))
[debug] Clause(Atom(sbt.plugins.CorePlugin),Set(Atom(sbt.plugins.Giter8TemplatePlugin)))
[debug] Clause(Atom(sbt.plugins.JvmPlugin),Set(Atom(sbt.plugins.MiniDependencyTreePlugin))))
[debug]   :: deduced result: Matched(sbt.plugins.CorePlugin,sbt.plugins.Giter8TemplatePlugin,sbt.plugins.IvyPlugin,sbt.plugins.JvmPlugin,sbt.plugins.MiniDependencyTreePlugin,sbt.plugins.JUnitXmlReportPlugin,sbt.plugins.SemanticdbPlugin)
[debug] Plugins.deducer#function took 2.6462 ms
[info] loading settings for project spark-df-build from idea5.sbt ...
[debug]               Load.resolveProject(spark-df-build) took 16.4985ms
[debug]             Load.loadTransitive: finalizeProject(Project(id spark-df-build, base: C:\Users\zmoha\OneDrive\Documents\spark-df\project, plugins: List(<none>))) took 19.9369ms
[debug] [Loading] Done in C:\Users\zmoha\OneDrive\Documents\spark-df\project, returning: (spark-df-build)
[debug]           Load.loadUnit: loadedProjectsRaw took 204.3602ms
[debug]           Load.loadUnit: cleanEvalClasses took 6.748ms
[debug]         Load.loadUnit(file:/C:/Users/zmoha/OneDrive/Documents/spark-df/project/, ...) took 248.8628ms
[debug]       Load.apply: load took 251.0101ms
[debug]       Load.apply: resolveProjects took 0.1297ms
[debug]       Load.apply: finalTransforms took 11.4201ms
[debug]       Load.apply: config.delegates took 0.4981ms
[debug]       Load.apply: Def.make(settings)... took 100.5036ms
[debug]       Load.apply: structureIndex took 33.4698ms
[debug]       Load.apply: mkStreams took 0.0038ms
[info] loading project definition from C:\Users\zmoha\OneDrive\Documents\spark-df\project
[debug] Running task... Cancel: Signal, check cycles: false, forcegc: true
[debug]     Load.loadUnit: plugins took 730.31ms
[debug]     Load.loadUnit: defsScala took 0.004ms
[debug] [Loading] Scanning directory C:\Users\zmoha\OneDrive\Documents\spark-df
[debug]       Load.loadUnit: mkEval took 0.477ms
[debug] [Loading] Found non-root projects 
[debug] [Loading] Done in C:\Users\zmoha\OneDrive\Documents\spark-df, returning: ()
[debug] deducing auto plugins based on known facts Set(Atom(sbt.plugins.CorePlugin)) and clauses Clauses(Clause(Atom(sbt.plugins.JvmPlugin),Set(Atom(sbt.plugins.IvyPlugin)))
[debug] Clause(Atom(sbt.ScriptedPlugin),Set(Atom(sbt.plugins.JvmPlugin)))
[debug] Clause(Atom(sbt.plugins.SbtPlugin),Set(Atom(sbt.ScriptedPlugin)))
[debug] Clause(Atom(sbt.plugins.SemanticdbPlugin),Set(Atom(sbt.plugins.JvmPlugin)))
[debug] Clause(Atom(sbt.plugins.JUnitXmlReportPlugin),Set(Atom(sbt.plugins.JvmPlugin)))
[debug] Clause(Atom(sbt.plugins.MiniDependencyTreePlugin),Set(Atom(sbt.plugins.JvmPlugin)))
[debug] Clause(Atom(org.jetbrains.sbt.StructurePlugin),Set(Atom(sbt.plugins.JvmPlugin)))
[debug] Clause(Atom(org.jetbrains.sbt.IdeaShellPlugin),Set(Atom(sbt.plugins.JvmPlugin)))
[debug] Clause(Atom(org.jetbrains.sbt.indices.SbtIntellijIndicesPlugin),Set(Atom(sbt.plugins.JvmPlugin)))
[debug] Clause(Atom(sbt.plugins.CorePlugin),Set(Atom(sbt.plugins.IvyPlugin)))
[debug] Clause(Atom(sbt.plugins.IvyPlugin),Set(Atom(sbt.plugins.JvmPlugin)))
[debug] Clause(Atom(sbt.plugins.JvmPlugin),Set(Atom(sbt.plugins.SemanticdbPlugin)))
[debug] Clause(Atom(sbt.plugins.JvmPlugin),Set(Atom(sbt.plugins.JUnitXmlReportPlugin)))
[debug] Clause(Atom(sbt.plugins.CorePlugin),Set(Atom(sbt.plugins.Giter8TemplatePlugin)))
[debug] Clause(Atom(sbt.plugins.JvmPlugin),Set(Atom(sbt.plugins.MiniDependencyTreePlugin)))
[debug] Clause(Atom(sbt.plugins.JvmPlugin),Set(Atom(org.jetbrains.sbt.StructurePlugin)))
[debug] Clause(Atom(sbt.plugins.JvmPlugin),Set(Atom(org.jetbrains.sbt.IdeaShellPlugin)))
[debug] Clause(And(Set(Atom(sbt.plugins.CorePlugin), Atom(sbt.plugins.JvmPlugin))),Set(Atom(org.jetbrains.sbt.indices.SbtIntellijIndicesPlugin))))
[debug]   :: deduced result: Matched(sbt.plugins.CorePlugin,sbt.plugins.Giter8TemplatePlugin,sbt.plugins.IvyPlugin,sbt.plugins.JvmPlugin,sbt.plugins.SemanticdbPlugin,org.jetbrains.sbt.indices.SbtIntellijIndicesPlugin,sbt.plugins.JUnitXmlReportPlugin,org.jetbrains.sbt.IdeaShellPlugin,org.jetbrains.sbt.StructurePlugin,sbt.plugins.MiniDependencyTreePlugin)
[debug] Plugins.deducer#function took 2.9994 ms
[info] loading settings for project spark-df from build.sbt ...
[debug]         Load.resolveProject(spark-df) took 37.8739ms
[debug]       Load.loadTransitive: finalizeProject(Project(id spark-df, base: C:\Users\zmoha\OneDrive\Documents\spark-df, plugins: List(<none>))) took 43.0541ms
[debug] [Loading] Done in C:\Users\zmoha\OneDrive\Documents\spark-df, returning: (spark-df)
[debug]     Load.loadUnit: loadedProjectsRaw took 171.0848ms
[debug]     Load.loadUnit: cleanEvalClasses took 8.386ms
[debug]   Load.loadUnit(file:/C:/Users/zmoha/OneDrive/Documents/spark-df/, ...) took 910.6969ms
[debug] Load.apply: load took 912.7971ms
[debug] Load.apply: resolveProjects took 0.1621ms
[debug] Load.apply: finalTransforms took 32.6896ms
[debug] Load.apply: config.delegates took 0.3992ms
[debug] Load.apply: Def.make(settings)... took 80.9909ms
[debug] Load.apply: structureIndex took 24.7428ms
[debug] Load.apply: mkStreams took 0.0036ms
[info] set current project to Spark Dataframe 1 (in build file:/C:/Users/zmoha/OneDrive/Documents/spark-df/)
[debug] > Exec(sbtPopOnFailure, None, None)
[debug] > Exec(resumeFromFailure, None, None)
[debug] > Exec(notifyUsersAboutShell, None, None)
[debug] > Exec(iflast shell, None, None)
[debug] > Exec(; set ideaPort in Global := 63304 ; idea-shell, None, None)
[debug] > Exec(set ideaPort in Global := 63304, None, None)
[info] Defining Global / ideaPort
[info] The new value will be used by Compile / compile, Test / compile
[debug] Defining 
[debug] 	Global / ideaPort
[debug] 
[debug] The new value will be used by 
[debug] 	Compile / compile
[debug] 	Test / compile
[info] Reapplying settings...
[info] set current project to Spark Dataframe 1 (in build file:/C:/Users/zmoha/OneDrive/Documents/spark-df/)
[debug] > Exec(idea-shell, None, None)
